[05-Oct-2024 01:15:12 UTC] PHP Fatal error:  Uncaught TypeError: error_log(): Argument #2 ($message_type) must be of type int, string given in D:\www\repo\Idb_batch_61\php\database\test.php:49
Stack trace:
#0 D:\www\repo\Idb_batch_61\php\database\test.php(49): error_log()
#1 {main}
  thrown in D:\www\repo\Idb_batch_61\php\database\test.php on line 49
[05-Oct-2024 01:34:48 UTC] PHP Fatal error:  Uncaught TypeError: error_log(): Argument #2 ($message_type) must be of type int, string given in D:\www\repo\Idb_batch_61\php\database\test.php:49
Stack trace:
#0 D:\www\repo\Idb_batch_61\php\database\test.php(49): error_log()
#1 {main}
  thrown in D:\www\repo\Idb_batch_61\php\database\test.php on line 49
[05-Oct-2024 01:35:19 UTC] PHP Fatal error:  Uncaught TypeError: error_log(): Argument #2 ($message_type) must be of type int, string given in D:\www\repo\Idb_batch_61\php\database\test.php:49
Stack trace:
#0 D:\www\repo\Idb_batch_61\php\database\test.php(49): error_log()
#1 {main}
  thrown in D:\www\repo\Idb_batch_61\php\database\test.php on line 49
[05-Oct-2024 01:37:05 UTC] PHP Warning:  file(name.sql): Failed to open stream: No such file or directory in D:\www\repo\Idb_batch_61\php\database\test.php on line 54
[05-Oct-2024 01:37:05 UTC] PHP Fatal error:  Uncaught TypeError: array_map(): Argument #2 ($array) must be of type array, bool given in D:\www\repo\Idb_batch_61\php\database\test.php:54
Stack trace:
#0 D:\www\repo\Idb_batch_61\php\database\test.php(54): array_map()
#1 {main}
  thrown in D:\www\repo\Idb_batch_61\php\database\test.php on line 54
